2025-09-30 11:16:16,627 - ============================== Params ==============================
2025-09-30 11:16:16,627 - logger_name: misa_t_a_MIntRec_multi-class_2025-09-30-11-16-16
2025-09-30 11:16:16,627 - dataset: MIntRec
2025-09-30 11:16:16,627 - data_mode: multi-class
2025-09-30 11:16:16,627 - method: misa_t_a
2025-09-30 11:16:16,627 - text_backbone: bert-base-uncased
2025-09-30 11:16:16,627 - seed: 1
2025-09-30 11:16:16,627 - num_workers: 8
2025-09-30 11:16:16,627 - gpu_id: 0
2025-09-30 11:16:16,627 - data_path: MIA-datasets
2025-09-30 11:16:16,627 - train: True
2025-09-30 11:16:16,627 - tune: False
2025-09-30 11:16:16,627 - save_model: True
2025-09-30 11:16:16,627 - save_results: True
2025-09-30 11:16:16,627 - log_path: logs
2025-09-30 11:16:16,627 - cache_path: bert_config/bert-base-uncased
2025-09-30 11:16:16,627 - video_data_path: video_data
2025-09-30 11:16:16,627 - audio_data_path: audio_data
2025-09-30 11:16:16,627 - video_feats_path: video_feats.pkl
2025-09-30 11:16:16,627 - audio_feats_path: audio_feats.pkl
2025-09-30 11:16:16,627 - results_path: results
2025-09-30 11:16:16,627 - output_path: outputs
2025-09-30 11:16:16,627 - model_path: models
2025-09-30 11:16:16,627 - config_file_name: misa_bert
2025-09-30 11:16:16,627 - results_file_name: misa_bert_t_a.csv
2025-09-30 11:16:16,627 - padding_mode: zero
2025-09-30 11:16:16,628 - padding_loc: end
2025-09-30 11:16:16,628 - need_aligned: False
2025-09-30 11:16:16,628 - eval_monitor: f1
2025-09-30 11:16:16,628 - train_batch_size: 64
2025-09-30 11:16:16,628 - eval_batch_size: 8
2025-09-30 11:16:16,628 - test_batch_size: 8
2025-09-30 11:16:16,628 - wait_patience: 8
2025-09-30 11:16:16,628 - num_train_epochs: 20
2025-09-30 11:16:16,628 - rnncell: lstm
2025-09-30 11:16:16,628 - use_cmd_sim: False
2025-09-30 11:16:16,628 - reverse_grad_weight: 0.8
2025-09-30 11:16:16,628 - hidden_size: 768
2025-09-30 11:16:16,628 - dropout_rate: 0.1
2025-09-30 11:16:16,628 - diff_weight: 0.7
2025-09-30 11:16:16,628 - sim_weight: 0.7
2025-09-30 11:16:16,628 - recon_weight: 0.6
2025-09-30 11:16:16,628 - lr: 1e-05
2025-09-30 11:16:16,628 - grad_clip: -1.0
2025-09-30 11:16:16,628 - gamma: 0.5
2025-09-30 11:16:16,628 - pred_output_path: outputs/misa_t_a_MIntRec_multi-class_2025-09-30-11-16-16
2025-09-30 11:16:16,628 - model_output_path: outputs/misa_t_a_MIntRec_multi-class_2025-09-30-11-16-16/models
2025-09-30 11:16:16,628 - ============================== End Params ==============================
2025-09-30 11:16:16,644 - Generate Text Features Begin...
2025-09-30 11:16:17,046 - Generate Text Features Finished...
2025-09-30 11:16:17,204 - Load Video Features Begin...
2025-09-30 11:16:17,527 - Load Video Features Finished...
2025-09-30 11:16:17,786 - Load Audio Features Begin...
2025-09-30 11:16:18,444 - Load Audio Features Finished...
2025-09-30 11:16:26,236 - Multimodal intent recognition begins...
2025-09-30 11:16:26,237 - Training begins...
2025-09-30 11:16:33,469 - ***** Epoch: 1: Eval results *****
2025-09-30 11:16:33,470 -   best_eval_score = 0.0
2025-09-30 11:16:33,470 -   eval_score = 0.0253
2025-09-30 11:16:33,470 -   train_loss = 2.8877
2025-09-30 11:16:39,890 - ***** Epoch: 2: Eval results *****
2025-09-30 11:16:39,890 -   best_eval_score = 0.0253
2025-09-30 11:16:39,890 -   eval_score = 0.0764
2025-09-30 11:16:39,891 -   train_loss = 2.7168
2025-09-30 11:16:46,402 - ***** Epoch: 3: Eval results *****
2025-09-30 11:16:46,402 -   best_eval_score = 0.0764
2025-09-30 11:16:46,402 -   eval_score = 0.1684
2025-09-30 11:16:46,402 -   train_loss = 2.5324
2025-09-30 11:16:53,076 - ***** Epoch: 4: Eval results *****
2025-09-30 11:16:53,077 -   best_eval_score = 0.1684
2025-09-30 11:16:53,077 -   eval_score = 0.2747
2025-09-30 11:16:53,077 -   train_loss = 2.271
2025-09-30 11:16:59,432 - ***** Epoch: 5: Eval results *****
2025-09-30 11:16:59,432 -   best_eval_score = 0.2747
2025-09-30 11:16:59,432 -   eval_score = 0.3294
2025-09-30 11:16:59,432 -   train_loss = 1.8885
2025-09-30 11:17:05,604 - ***** Epoch: 6: Eval results *****
2025-09-30 11:17:05,605 -   best_eval_score = 0.3294
2025-09-30 11:17:05,605 -   eval_score = 0.4518
2025-09-30 11:17:05,605 -   train_loss = 1.4771
2025-09-30 11:17:11,657 - ***** Epoch: 7: Eval results *****
2025-09-30 11:17:11,657 -   best_eval_score = 0.4518
2025-09-30 11:17:11,657 -   eval_score = 0.5062
2025-09-30 11:17:11,657 -   train_loss = 1.1408
2025-09-30 11:17:17,676 - ***** Epoch: 8: Eval results *****
2025-09-30 11:17:17,676 -   best_eval_score = 0.5062
2025-09-30 11:17:17,676 -   eval_score = 0.5259
2025-09-30 11:17:17,676 -   train_loss = 0.8483
2025-09-30 11:17:23,751 - ***** Epoch: 9: Eval results *****
2025-09-30 11:17:23,751 -   best_eval_score = 0.5259
2025-09-30 11:17:23,751 -   eval_score = 0.5616
2025-09-30 11:17:23,752 -   train_loss = 0.6322
2025-09-30 11:17:30,500 - ***** Epoch: 10: Eval results *****
2025-09-30 11:17:30,501 -   best_eval_score = 0.5616
2025-09-30 11:17:30,501 -   eval_score = 0.5746
2025-09-30 11:17:30,501 -   train_loss = 0.4679
2025-09-30 11:17:37,717 - ***** Epoch: 11: Eval results *****
2025-09-30 11:17:37,717 -   best_eval_score = 0.5746
2025-09-30 11:17:37,717 -   eval_score = 0.5802
2025-09-30 11:17:37,717 -   train_loss = 0.3388
2025-09-30 11:17:44,294 - ***** Epoch: 12: Eval results *****
2025-09-30 11:17:44,294 -   best_eval_score = 0.5802
2025-09-30 11:17:44,294 -   eval_score = 0.5959
2025-09-30 11:17:44,294 -   train_loss = 0.2547
2025-09-30 11:17:50,631 - ***** Epoch: 13: Eval results *****
2025-09-30 11:17:50,632 -   best_eval_score = 0.5959
2025-09-30 11:17:50,632 -   eval_score = 0.586
2025-09-30 11:17:50,632 -   train_loss = 0.1839
2025-09-30 11:17:50,632 - EarlyStopping counter: 1 out of 8
2025-09-30 11:17:57,286 - ***** Epoch: 14: Eval results *****
2025-09-30 11:17:57,287 -   best_eval_score = 0.5959
2025-09-30 11:17:57,287 -   eval_score = 0.6045
2025-09-30 11:17:57,287 -   train_loss = 0.1468
2025-09-30 11:18:03,618 - ***** Epoch: 15: Eval results *****
2025-09-30 11:18:03,618 -   best_eval_score = 0.6045
2025-09-30 11:18:03,618 -   eval_score = 0.5989
2025-09-30 11:18:03,618 -   train_loss = 0.1241
2025-09-30 11:18:03,618 - EarlyStopping counter: 1 out of 8
2025-09-30 11:18:09,746 - ***** Epoch: 16: Eval results *****
2025-09-30 11:18:09,746 -   best_eval_score = 0.6045
2025-09-30 11:18:09,746 -   eval_score = 0.6138
2025-09-30 11:18:09,747 -   train_loss = 0.1126
2025-09-30 11:18:15,893 - ***** Epoch: 17: Eval results *****
2025-09-30 11:18:15,893 -   best_eval_score = 0.6138
2025-09-30 11:18:15,893 -   eval_score = 0.6101
2025-09-30 11:18:15,893 -   train_loss = 0.1073
2025-09-30 11:18:15,893 - EarlyStopping counter: 1 out of 8
2025-09-30 11:18:21,949 - ***** Epoch: 18: Eval results *****
2025-09-30 11:18:21,949 -   best_eval_score = 0.6138
2025-09-30 11:18:21,949 -   eval_score = 0.6059
2025-09-30 11:18:21,949 -   train_loss = 0.1
2025-09-30 11:18:21,950 - EarlyStopping counter: 2 out of 8
2025-09-30 11:18:28,091 - ***** Epoch: 19: Eval results *****
2025-09-30 11:18:28,091 -   best_eval_score = 0.6138
2025-09-30 11:18:28,091 -   eval_score = 0.6057
2025-09-30 11:18:28,091 -   train_loss = 0.0956
2025-09-30 11:18:28,092 - EarlyStopping counter: 3 out of 8
2025-09-30 11:18:34,534 - ***** Epoch: 20: Eval results *****
2025-09-30 11:18:34,534 -   best_eval_score = 0.6138
2025-09-30 11:18:34,534 -   eval_score = 0.6057
2025-09-30 11:18:34,534 -   train_loss = 0.0992
2025-09-30 11:18:34,534 - EarlyStopping counter: 4 out of 8
2025-09-30 11:18:34,535 - Trained models are saved in outputs/misa_t_a_MIntRec_multi-class_2025-09-30-11-16-16/models
2025-09-30 11:18:35,245 - Training is finished...
2025-09-30 11:18:35,245 - Testing begins...
2025-09-30 11:18:37,549 - ***** Test: Confusion Matrix *****
2025-09-30 11:18:37,550 - [[27  2  0  0  3  0  0  0  0  0  0  0  2  1  0  0  0  0  0  0]
 [ 0 19  0  0  0  0  0  0  0  0  0  0  0  0  0  0  0  0  0  0]
 [ 1  0 10  0  0  0  0  0  0  0  0  0  0  0  0  0  0  0  0  0]
 [ 0  0  0  8  0  0  0  0  0  0  0  0  0  0  0  0  0  0  0  0]
 [ 3  0  0  0  5  0  2  0  0  0  0  0  0  1  0  0  0  1  0  0]
 [ 0  0  0  0  0  5  0  0  0  0  0  0  1  0  0  0  0  0  0  0]
 [ 0  0  0  0  1  0  2  0  0  0  0  0  0  0  0  1  0  0  0  0]
 [ 2  0  0  0  0  0  0  4  0  0  0  0  0  0  0  0  0  0  0  0]
 [ 1  0  0  0  0  0  1  1  0  0  0  0  0  0  0  0  0  0  0  0]
 [ 1  0  0  0  0  0  0  0  0  0  1  0  0  0  0  1  0  1  0  0]
 [ 3  0  0  0  0  0  0  0  0  0  5  0  0  0  0  0  0  0  0  0]
 [ 0  0  0  0  0  0  0  0  0  0  0  8  0  0  0  0  0  0  0  0]
 [ 0  1  0  1  0  0  0  0  0  0  0  1 12  0  0  1  3  0  0  0]
 [ 0  0  0  0  0  0  1  0  0  0  1  1  0  6  1  0  0  0  0  0]
 [ 0  0  0  0  1  0  0  0  0  0  0  0  1  1  9  0  0  0  0  0]
 [ 0  0  0  0  0  0  0  0  0  0  0  0  3  0  0  4  1  0  0  0]
 [ 0  0  0  0  0  0  0  0  0  0  0  0  2  0  0  0  6  0  0  0]
 [ 0  0  0  0  0  0  0  0  0  0  1  0  2  1  0  0  0  6  0  0]
 [ 0  0  0  0  0  0  0  0  0  0  0  0  0  0  0  0  0  0  5  0]
 [ 0  0  0  0  0  0  0  0  0  0  0  0  0  0  1  0  1  0  0  2]]
2025-09-30 11:18:37,550 - ***** Evaluation results *****
2025-09-30 11:18:37,550 -   acc = 0.715
2025-09-30 11:18:37,550 -   f1 = 0.6509
2025-09-30 11:18:37,550 -   prec = 0.6664
2025-09-30 11:18:37,550 -   rec = 0.6527
2025-09-30 11:18:37,550 - Testing is finished...
2025-09-30 11:18:37,550 - Multimodal intent recognition is finished...
2025-09-30 11:18:37,550 - Results are saved in results/misa_bert_t_a.csv
