2025-09-30 11:11:53,922 - ============================== Params ==============================
2025-09-30 11:11:53,922 - logger_name: misa_t_MIntRec_multi-class_2025-09-30-11-11-53
2025-09-30 11:11:53,922 - dataset: MIntRec
2025-09-30 11:11:53,922 - data_mode: multi-class
2025-09-30 11:11:53,922 - method: misa_t
2025-09-30 11:11:53,922 - text_backbone: bert-base-uncased
2025-09-30 11:11:53,922 - seed: 1
2025-09-30 11:11:53,922 - num_workers: 8
2025-09-30 11:11:53,923 - gpu_id: 0
2025-09-30 11:11:53,923 - data_path: MIA-datasets
2025-09-30 11:11:53,923 - train: True
2025-09-30 11:11:53,923 - tune: False
2025-09-30 11:11:53,923 - save_model: True
2025-09-30 11:11:53,923 - save_results: True
2025-09-30 11:11:53,923 - log_path: logs
2025-09-30 11:11:53,923 - cache_path: bert_config/bert-base-uncased
2025-09-30 11:11:53,923 - video_data_path: video_data
2025-09-30 11:11:53,923 - audio_data_path: audio_data
2025-09-30 11:11:53,923 - video_feats_path: video_feats.pkl
2025-09-30 11:11:53,923 - audio_feats_path: audio_feats.pkl
2025-09-30 11:11:53,923 - results_path: results
2025-09-30 11:11:53,923 - output_path: outputs
2025-09-30 11:11:53,923 - model_path: models
2025-09-30 11:11:53,923 - config_file_name: misa_bert
2025-09-30 11:11:53,923 - results_file_name: misa_bert_t_a.csv
2025-09-30 11:11:53,923 - padding_mode: zero
2025-09-30 11:11:53,923 - padding_loc: end
2025-09-30 11:11:53,923 - need_aligned: False
2025-09-30 11:11:53,923 - eval_monitor: f1
2025-09-30 11:11:53,923 - train_batch_size: 64
2025-09-30 11:11:53,923 - eval_batch_size: 8
2025-09-30 11:11:53,923 - test_batch_size: 8
2025-09-30 11:11:53,923 - wait_patience: 8
2025-09-30 11:11:53,923 - num_train_epochs: 20
2025-09-30 11:11:53,923 - rnncell: lstm
2025-09-30 11:11:53,923 - use_cmd_sim: False
2025-09-30 11:11:53,923 - reverse_grad_weight: 0.8
2025-09-30 11:11:53,923 - hidden_size: 768
2025-09-30 11:11:53,923 - dropout_rate: 0.1
2025-09-30 11:11:53,924 - diff_weight: 0.7
2025-09-30 11:11:53,924 - sim_weight: 0.7
2025-09-30 11:11:53,924 - recon_weight: 0.6
2025-09-30 11:11:53,924 - lr: 1e-05
2025-09-30 11:11:53,924 - grad_clip: -1.0
2025-09-30 11:11:53,924 - gamma: 0.5
2025-09-30 11:11:53,924 - pred_output_path: outputs/misa_t_MIntRec_multi-class_2025-09-30-11-11-53
2025-09-30 11:11:53,924 - model_output_path: outputs/misa_t_MIntRec_multi-class_2025-09-30-11-11-53/models
2025-09-30 11:11:53,924 - ============================== End Params ==============================
2025-09-30 11:11:53,938 - Generate Text Features Begin...
2025-09-30 11:11:54,354 - Generate Text Features Finished...
2025-09-30 11:11:54,472 - Load Video Features Begin...
2025-09-30 11:11:54,792 - Load Video Features Finished...
2025-09-30 11:11:55,038 - Load Audio Features Begin...
2025-09-30 11:11:55,677 - Load Audio Features Finished...
2025-09-30 11:12:03,453 - Multimodal intent recognition begins...
2025-09-30 11:12:03,454 - Training begins...
2025-09-30 11:12:09,460 - ***** Epoch: 1: Eval results *****
2025-09-30 11:12:09,462 -   best_eval_score = 0.0
2025-09-30 11:12:09,462 -   eval_score = 0.0904
2025-09-30 11:12:09,462 -   train_loss = 2.9821
2025-09-30 11:12:14,951 - ***** Epoch: 2: Eval results *****
2025-09-30 11:12:14,951 -   best_eval_score = 0.0904
2025-09-30 11:12:14,969 -   eval_score = 0.1242
2025-09-30 11:12:14,969 -   train_loss = 2.8902
2025-09-30 11:12:20,548 - ***** Epoch: 3: Eval results *****
2025-09-30 11:12:20,548 -   best_eval_score = 0.1242
2025-09-30 11:12:20,559 -   eval_score = 0.148
2025-09-30 11:12:20,559 -   train_loss = 2.7633
2025-09-30 11:12:26,143 - ***** Epoch: 4: Eval results *****
2025-09-30 11:12:26,144 -   best_eval_score = 0.148
2025-09-30 11:12:26,144 -   eval_score = 0.2669
2025-09-30 11:12:26,144 -   train_loss = 2.6022
2025-09-30 11:12:31,814 - ***** Epoch: 5: Eval results *****
2025-09-30 11:12:31,814 -   best_eval_score = 0.2669
2025-09-30 11:12:31,814 -   eval_score = 0.3223
2025-09-30 11:12:31,814 -   train_loss = 2.3995
2025-09-30 11:12:37,572 - ***** Epoch: 6: Eval results *****
2025-09-30 11:12:37,572 -   best_eval_score = 0.3223
2025-09-30 11:12:37,572 -   eval_score = 0.348
2025-09-30 11:12:37,572 -   train_loss = 2.1825
2025-09-30 11:12:43,346 - ***** Epoch: 7: Eval results *****
2025-09-30 11:12:43,347 -   best_eval_score = 0.348
2025-09-30 11:12:43,347 -   eval_score = 0.3742
2025-09-30 11:12:43,347 -   train_loss = 1.9698
2025-09-30 11:12:48,857 - ***** Epoch: 8: Eval results *****
2025-09-30 11:12:48,858 -   best_eval_score = 0.3742
2025-09-30 11:12:48,858 -   eval_score = 0.4203
2025-09-30 11:12:48,858 -   train_loss = 1.762
2025-09-30 11:12:54,137 - ***** Epoch: 9: Eval results *****
2025-09-30 11:12:54,137 -   best_eval_score = 0.4203
2025-09-30 11:12:54,137 -   eval_score = 0.4593
2025-09-30 11:12:54,137 -   train_loss = 1.5699
2025-09-30 11:12:59,639 - ***** Epoch: 10: Eval results *****
2025-09-30 11:12:59,640 -   best_eval_score = 0.4593
2025-09-30 11:12:59,640 -   eval_score = 0.4523
2025-09-30 11:12:59,640 -   train_loss = 1.4073
2025-09-30 11:12:59,640 - EarlyStopping counter: 1 out of 8
2025-09-30 11:13:05,267 - ***** Epoch: 11: Eval results *****
2025-09-30 11:13:05,267 -   best_eval_score = 0.4593
2025-09-30 11:13:05,268 -   eval_score = 0.4683
2025-09-30 11:13:05,268 -   train_loss = 1.2655
2025-09-30 11:13:10,837 - ***** Epoch: 12: Eval results *****
2025-09-30 11:13:10,838 -   best_eval_score = 0.4683
2025-09-30 11:13:10,838 -   eval_score = 0.4863
2025-09-30 11:13:10,838 -   train_loss = 1.1894
2025-09-30 11:13:16,718 - ***** Epoch: 13: Eval results *****
2025-09-30 11:13:16,718 -   best_eval_score = 0.4863
2025-09-30 11:13:16,718 -   eval_score = 0.5077
2025-09-30 11:13:16,718 -   train_loss = 1.126
2025-09-30 11:13:22,220 - ***** Epoch: 14: Eval results *****
2025-09-30 11:13:22,221 -   best_eval_score = 0.5077
2025-09-30 11:13:22,221 -   eval_score = 0.4987
2025-09-30 11:13:22,221 -   train_loss = 1.0508
2025-09-30 11:13:22,221 - EarlyStopping counter: 1 out of 8
2025-09-30 11:13:27,578 - ***** Epoch: 15: Eval results *****
2025-09-30 11:13:27,578 -   best_eval_score = 0.5077
2025-09-30 11:13:27,579 -   eval_score = 0.5174
2025-09-30 11:13:27,579 -   train_loss = 0.9856
2025-09-30 11:13:33,322 - ***** Epoch: 16: Eval results *****
2025-09-30 11:13:33,323 -   best_eval_score = 0.5174
2025-09-30 11:13:33,323 -   eval_score = 0.519
2025-09-30 11:13:33,323 -   train_loss = 0.9623
2025-09-30 11:13:38,713 - ***** Epoch: 17: Eval results *****
2025-09-30 11:13:38,714 -   best_eval_score = 0.519
2025-09-30 11:13:38,714 -   eval_score = 0.5301
2025-09-30 11:13:38,714 -   train_loss = 0.9247
2025-09-30 11:13:44,562 - ***** Epoch: 18: Eval results *****
2025-09-30 11:13:44,562 -   best_eval_score = 0.5301
2025-09-30 11:13:44,563 -   eval_score = 0.5357
2025-09-30 11:13:44,563 -   train_loss = 0.8994
2025-09-30 11:13:49,848 - ***** Epoch: 19: Eval results *****
2025-09-30 11:13:49,848 -   best_eval_score = 0.5357
2025-09-30 11:13:49,849 -   eval_score = 0.5342
2025-09-30 11:13:49,849 -   train_loss = 0.8707
2025-09-30 11:13:49,849 - EarlyStopping counter: 1 out of 8
2025-09-30 11:13:55,000 - ***** Epoch: 20: Eval results *****
2025-09-30 11:13:55,000 -   best_eval_score = 0.5357
2025-09-30 11:13:55,001 -   eval_score = 0.5336
2025-09-30 11:13:55,001 -   train_loss = 0.8469
2025-09-30 11:13:55,001 - EarlyStopping counter: 2 out of 8
2025-09-30 11:13:55,002 - Trained models are saved in outputs/misa_t_MIntRec_multi-class_2025-09-30-11-11-53/models
2025-09-30 11:13:55,686 - Training is finished...
2025-09-30 11:13:55,686 - Testing begins...
2025-09-30 11:13:57,626 - ***** Test: Confusion Matrix *****
2025-09-30 11:13:57,628 - [[28  1  0  0  1  0  0  0  0  0  0  0  3  2  0  0  0  0  0  0]
 [ 0 18  0  0  0  0  0  0  0  0  1  0  0  0  0  0  0  0  0  0]
 [ 1  0 10  0  0  0  0  0  0  0  0  0  0  0  0  0  0  0  0  0]
 [ 0  0  0  8  0  0  0  0  0  0  0  0  0  0  0  0  0  0  0  0]
 [ 6  1  0  0  3  0  0  0  0  0  0  0  0  1  0  0  0  1  0  0]
 [ 0  1  0  0  0  4  0  0  0  0  1  0  0  0  0  0  0  0  0  0]
 [ 1  1  0  0  1  0  0  0  0  0  0  0  1  0  0  0  0  0  0  0]
 [ 2  3  0  0  0  0  0  0  0  0  1  0  0  0  0  0  0  0  0  0]
 [ 2  1  0  0  0  0  0  0  0  0  0  0  0  0  0  0  0  0  0  0]
 [ 1  0  0  0  0  0  0  0  0  0  2  0  0  0  0  1  0  0  0  0]
 [ 1  2  0  0  0  0  0  0  0  0  4  0  0  0  0  0  0  1  0  0]
 [ 0  0  0  0  0  0  0  0  0  0  0  8  0  0  0  0  0  0  0  0]
 [ 1  0  0  0  0  0  0  0  0  0  0  0 15  0  0  0  2  1  0  0]
 [ 0  1  0  0  0  0  0  0  0  0  1  1  1  5  1  0  0  0  0  0]
 [ 0  0  0  0  0  0  0  0  0  0  0  0  3  2  7  0  0  0  0  0]
 [ 0  0  0  0  0  0  0  0  0  0  0  0  1  0  0  6  1  0  0  0]
 [ 0  0  0  0  0  0  0  0  0  0  0  0  3  0  0  0  5  0  0  0]
 [ 0  0  0  0  0  0  0  0  0  0  1  0  1  0  0  0  0  8  0  0]
 [ 0  1  0  0  0  0  0  0  0  0  0  0  0  0  0  0  0  0  4  0]
 [ 0  0  1  0  0  0  0  0  0  0  0  0  0  2  1  0  0  0  0  0]]
2025-09-30 11:13:57,628 - ***** Evaluation results *****
2025-09-30 11:13:57,628 -   acc = 0.665
2025-09-30 11:13:57,629 -   f1 = 0.5356
2025-09-30 11:13:57,629 -   prec = 0.5476
2025-09-30 11:13:57,629 -   rec = 0.546
2025-09-30 11:13:57,629 - Testing is finished...
2025-09-30 11:13:57,629 - Multimodal intent recognition is finished...
2025-09-30 11:13:57,629 - Results are saved in results/misa_bert_t_a.csv
