2025-09-30 11:10:31,626 - ============================== Params ==============================
2025-09-30 11:10:31,627 - logger_name: misa_a_MIntRec_multi-class_2025-09-30-11-10-31
2025-09-30 11:10:31,627 - dataset: MIntRec
2025-09-30 11:10:31,627 - data_mode: multi-class
2025-09-30 11:10:31,627 - method: misa_a
2025-09-30 11:10:31,627 - text_backbone: bert-base-uncased
2025-09-30 11:10:31,627 - seed: 1
2025-09-30 11:10:31,627 - num_workers: 8
2025-09-30 11:10:31,627 - gpu_id: 0
2025-09-30 11:10:31,627 - data_path: MIA-datasets
2025-09-30 11:10:31,627 - train: True
2025-09-30 11:10:31,627 - tune: False
2025-09-30 11:10:31,627 - save_model: True
2025-09-30 11:10:31,627 - save_results: True
2025-09-30 11:10:31,627 - log_path: logs
2025-09-30 11:10:31,627 - cache_path: bert_config/bert-base-uncased
2025-09-30 11:10:31,627 - video_data_path: video_data
2025-09-30 11:10:31,627 - audio_data_path: audio_data
2025-09-30 11:10:31,627 - video_feats_path: video_feats.pkl
2025-09-30 11:10:31,627 - audio_feats_path: audio_feats.pkl
2025-09-30 11:10:31,627 - results_path: results
2025-09-30 11:10:31,627 - output_path: outputs
2025-09-30 11:10:31,627 - model_path: models
2025-09-30 11:10:31,627 - config_file_name: misa_bert
2025-09-30 11:10:31,627 - results_file_name: misa_bert_t_a.csv
2025-09-30 11:10:31,627 - padding_mode: zero
2025-09-30 11:10:31,627 - padding_loc: end
2025-09-30 11:10:31,627 - need_aligned: False
2025-09-30 11:10:31,627 - eval_monitor: f1
2025-09-30 11:10:31,627 - train_batch_size: 64
2025-09-30 11:10:31,627 - eval_batch_size: 8
2025-09-30 11:10:31,628 - test_batch_size: 8
2025-09-30 11:10:31,628 - wait_patience: 8
2025-09-30 11:10:31,628 - num_train_epochs: 20
2025-09-30 11:10:31,628 - rnncell: lstm
2025-09-30 11:10:31,628 - use_cmd_sim: False
2025-09-30 11:10:31,628 - reverse_grad_weight: 0.8
2025-09-30 11:10:31,628 - hidden_size: 768
2025-09-30 11:10:31,628 - dropout_rate: 0.1
2025-09-30 11:10:31,628 - diff_weight: 0.7
2025-09-30 11:10:31,628 - sim_weight: 0.7
2025-09-30 11:10:31,628 - recon_weight: 0.6
2025-09-30 11:10:31,628 - lr: 1e-05
2025-09-30 11:10:31,628 - grad_clip: -1.0
2025-09-30 11:10:31,628 - gamma: 0.5
2025-09-30 11:10:31,628 - pred_output_path: outputs/misa_a_MIntRec_multi-class_2025-09-30-11-10-31
2025-09-30 11:10:31,628 - model_output_path: outputs/misa_a_MIntRec_multi-class_2025-09-30-11-10-31/models
2025-09-30 11:10:31,628 - ============================== End Params ==============================
2025-09-30 11:10:31,643 - Generate Text Features Begin...
2025-09-30 11:10:32,102 - Generate Text Features Finished...
2025-09-30 11:10:32,261 - Load Video Features Begin...
2025-09-30 11:10:32,578 - Load Video Features Finished...
2025-09-30 11:10:32,819 - Load Audio Features Begin...
2025-09-30 11:10:33,453 - Load Audio Features Finished...
2025-09-30 11:10:42,021 - Multimodal intent recognition begins...
2025-09-30 11:10:42,021 - Training begins...
2025-09-30 11:10:47,443 - ***** Epoch: 1: Eval results *****
2025-09-30 11:10:47,444 -   best_eval_score = 0.0
2025-09-30 11:10:47,445 -   eval_score = 0.028
2025-09-30 11:10:47,445 -   train_loss = 2.9435
2025-09-30 11:10:51,732 - ***** Epoch: 2: Eval results *****
2025-09-30 11:10:51,732 -   best_eval_score = 0.028
2025-09-30 11:10:51,733 -   eval_score = 0.0365
2025-09-30 11:10:51,733 -   train_loss = 2.8037
2025-09-30 11:10:55,958 - ***** Epoch: 3: Eval results *****
2025-09-30 11:10:55,958 -   best_eval_score = 0.0365
2025-09-30 11:10:55,958 -   eval_score = 0.0327
2025-09-30 11:10:55,958 -   train_loss = 2.7522
2025-09-30 11:10:55,958 - EarlyStopping counter: 1 out of 8
2025-09-30 11:11:00,186 - ***** Epoch: 4: Eval results *****
2025-09-30 11:11:00,187 -   best_eval_score = 0.0365
2025-09-30 11:11:00,187 -   eval_score = 0.0348
2025-09-30 11:11:00,187 -   train_loss = 2.7036
2025-09-30 11:11:00,187 - EarlyStopping counter: 2 out of 8
2025-09-30 11:11:04,478 - ***** Epoch: 5: Eval results *****
2025-09-30 11:11:04,478 -   best_eval_score = 0.0365
2025-09-30 11:11:04,478 -   eval_score = 0.0349
2025-09-30 11:11:04,478 -   train_loss = 2.6736
2025-09-30 11:11:04,478 - EarlyStopping counter: 3 out of 8
2025-09-30 11:11:09,119 - ***** Epoch: 6: Eval results *****
2025-09-30 11:11:09,119 -   best_eval_score = 0.0365
2025-09-30 11:11:09,120 -   eval_score = 0.0375
2025-09-30 11:11:09,120 -   train_loss = 2.656
2025-09-30 11:11:14,248 - ***** Epoch: 7: Eval results *****
2025-09-30 11:11:14,248 -   best_eval_score = 0.0375
2025-09-30 11:11:14,249 -   eval_score = 0.0363
2025-09-30 11:11:14,249 -   train_loss = 2.6577
2025-09-30 11:11:14,249 - EarlyStopping counter: 1 out of 8
2025-09-30 11:11:19,093 - ***** Epoch: 8: Eval results *****
2025-09-30 11:11:19,094 -   best_eval_score = 0.0375
2025-09-30 11:11:19,094 -   eval_score = 0.0364
2025-09-30 11:11:19,094 -   train_loss = 2.6435
2025-09-30 11:11:19,094 - EarlyStopping counter: 2 out of 8
2025-09-30 11:11:23,901 - ***** Epoch: 9: Eval results *****
2025-09-30 11:11:23,901 -   best_eval_score = 0.0375
2025-09-30 11:11:23,901 -   eval_score = 0.0364
2025-09-30 11:11:23,901 -   train_loss = 2.6408
2025-09-30 11:11:23,902 - EarlyStopping counter: 3 out of 8
2025-09-30 11:11:28,885 - ***** Epoch: 10: Eval results *****
2025-09-30 11:11:28,885 -   best_eval_score = 0.0375
2025-09-30 11:11:28,885 -   eval_score = 0.0364
2025-09-30 11:11:28,886 -   train_loss = 2.6434
2025-09-30 11:11:28,886 - EarlyStopping counter: 4 out of 8
2025-09-30 11:11:33,817 - ***** Epoch: 11: Eval results *****
2025-09-30 11:11:33,817 -   best_eval_score = 0.0375
2025-09-30 11:11:33,817 -   eval_score = 0.0364
2025-09-30 11:11:33,817 -   train_loss = 2.6378
2025-09-30 11:11:33,818 - EarlyStopping counter: 5 out of 8
2025-09-30 11:11:38,665 - ***** Epoch: 12: Eval results *****
2025-09-30 11:11:38,665 -   best_eval_score = 0.0375
2025-09-30 11:11:38,665 -   eval_score = 0.0364
2025-09-30 11:11:38,666 -   train_loss = 2.6334
2025-09-30 11:11:38,666 - EarlyStopping counter: 6 out of 8
2025-09-30 11:11:43,504 - ***** Epoch: 13: Eval results *****
2025-09-30 11:11:43,505 -   best_eval_score = 0.0375
2025-09-30 11:11:43,505 -   eval_score = 0.0364
2025-09-30 11:11:43,505 -   train_loss = 2.6412
2025-09-30 11:11:43,505 - EarlyStopping counter: 7 out of 8
2025-09-30 11:11:48,349 - ***** Epoch: 14: Eval results *****
2025-09-30 11:11:48,349 -   best_eval_score = 0.0375
2025-09-30 11:11:48,349 -   eval_score = 0.0364
2025-09-30 11:11:48,349 -   train_loss = 2.6341
2025-09-30 11:11:48,349 - EarlyStopping counter: 8 out of 8
2025-09-30 11:11:48,350 - EarlyStopping at epoch 14
2025-09-30 11:11:48,350 - Trained models are saved in outputs/misa_a_MIntRec_multi-class_2025-09-30-11-10-31/models
2025-09-30 11:11:49,157 - Training is finished...
2025-09-30 11:11:49,157 - Testing begins...
2025-09-30 11:11:51,157 - ***** Test: Confusion Matrix *****
2025-09-30 11:11:51,159 - [[15  6  0  0  0  0  0  0  0  0  0  0 13  0  1  0  0  0  0  0]
 [ 6  7  0  0  0  0  0  0  0  0  0  0  6  0  0  0  0  0  0  0]
 [ 3  4  0  0  0  0  0  0  0  0  0  0  4  0  0  0  0  0  0  0]
 [ 1  2  0  0  0  0  0  0  0  0  0  0  5  0  0  0  0  0  0  0]
 [ 7  2  0  0  0  0  0  0  0  0  0  0  3  0  0  0  0  0  0  0]
 [ 0  4  0  0  0  0  0  0  0  0  0  0  2  0  0  0  0  0  0  0]
 [ 3  0  0  0  0  0  0  0  0  0  0  0  1  0  0  0  0  0  0  0]
 [ 3  2  0  0  0  0  0  0  0  0  0  0  1  0  0  0  0  0  0  0]
 [ 1  1  0  0  0  0  0  0  0  0  0  0  1  0  0  0  0  0  0  0]
 [ 3  0  0  0  0  0  0  0  0  0  0  0  1  0  0  0  0  0  0  0]
 [ 5  1  0  0  0  0  0  0  0  0  0  0  2  0  0  0  0  0  0  0]
 [ 1  4  0  0  0  0  0  0  0  0  0  0  3  0  0  0  0  0  0  0]
 [ 5  5  0  0  0  0  0  0  0  0  0  0  9  0  0  0  0  0  0  0]
 [ 8  1  0  0  0  0  0  0  0  0  0  0  1  0  0  0  0  0  0  0]
 [ 6  2  0  0  0  0  0  0  0  0  0  0  4  0  0  0  0  0  0  0]
 [ 0  3  0  0  0  0  0  0  0  0  0  0  5  0  0  0  0  0  0  0]
 [ 3  2  0  0  0  0  0  0  0  0  0  0  3  0  0  0  0  0  0  0]
 [ 5  4  0  0  0  0  0  0  0  0  0  0  1  0  0  0  0  0  0  0]
 [ 0  4  0  0  0  0  0  0  0  0  0  0  1  0  0  0  0  0  0  0]
 [ 1  2  0  0  0  0  0  0  0  0  0  0  1  0  0  0  0  0  0  0]]
2025-09-30 11:11:51,159 - ***** Evaluation results *****
2025-09-30 11:11:51,159 -   acc = 0.155
2025-09-30 11:11:51,159 -   f1 = 0.0333
2025-09-30 11:11:51,160 -   prec = 0.0228
2025-09-30 11:11:51,160 -   rec = 0.0635
2025-09-30 11:11:51,160 - Testing is finished...
2025-09-30 11:11:51,160 - Multimodal intent recognition is finished...
2025-09-30 11:11:51,160 - Results are saved in results/misa_bert_t_a.csv
