2025-09-30 11:14:00,161 - ============================== Params ==============================
2025-09-30 11:14:00,161 - logger_name: misa_ta_MIntRec_multi-class_2025-09-30-11-14-00
2025-09-30 11:14:00,161 - dataset: MIntRec
2025-09-30 11:14:00,161 - data_mode: multi-class
2025-09-30 11:14:00,161 - method: misa_ta
2025-09-30 11:14:00,161 - text_backbone: bert-base-uncased
2025-09-30 11:14:00,161 - seed: 1
2025-09-30 11:14:00,161 - num_workers: 8
2025-09-30 11:14:00,161 - gpu_id: 0
2025-09-30 11:14:00,161 - data_path: MIA-datasets
2025-09-30 11:14:00,161 - train: True
2025-09-30 11:14:00,161 - tune: False
2025-09-30 11:14:00,161 - save_model: True
2025-09-30 11:14:00,161 - save_results: True
2025-09-30 11:14:00,162 - log_path: logs
2025-09-30 11:14:00,162 - cache_path: bert_config/bert-base-uncased
2025-09-30 11:14:00,162 - video_data_path: video_data
2025-09-30 11:14:00,162 - audio_data_path: audio_data
2025-09-30 11:14:00,162 - video_feats_path: video_feats.pkl
2025-09-30 11:14:00,162 - audio_feats_path: audio_feats.pkl
2025-09-30 11:14:00,162 - results_path: results
2025-09-30 11:14:00,162 - output_path: outputs
2025-09-30 11:14:00,162 - model_path: models
2025-09-30 11:14:00,162 - config_file_name: misa_bert
2025-09-30 11:14:00,162 - results_file_name: misa_bert_t_a.csv
2025-09-30 11:14:00,162 - padding_mode: zero
2025-09-30 11:14:00,162 - padding_loc: end
2025-09-30 11:14:00,162 - need_aligned: False
2025-09-30 11:14:00,162 - eval_monitor: f1
2025-09-30 11:14:00,162 - train_batch_size: 64
2025-09-30 11:14:00,162 - eval_batch_size: 8
2025-09-30 11:14:00,162 - test_batch_size: 8
2025-09-30 11:14:00,162 - wait_patience: 8
2025-09-30 11:14:00,162 - num_train_epochs: 20
2025-09-30 11:14:00,162 - rnncell: lstm
2025-09-30 11:14:00,162 - use_cmd_sim: False
2025-09-30 11:14:00,162 - reverse_grad_weight: 0.8
2025-09-30 11:14:00,162 - hidden_size: 768
2025-09-30 11:14:00,162 - dropout_rate: 0.1
2025-09-30 11:14:00,162 - diff_weight: 0.7
2025-09-30 11:14:00,162 - sim_weight: 0.7
2025-09-30 11:14:00,162 - recon_weight: 0.6
2025-09-30 11:14:00,162 - lr: 1e-05
2025-09-30 11:14:00,162 - grad_clip: -1.0
2025-09-30 11:14:00,162 - gamma: 0.5
2025-09-30 11:14:00,162 - pred_output_path: outputs/misa_ta_MIntRec_multi-class_2025-09-30-11-14-00
2025-09-30 11:14:00,162 - model_output_path: outputs/misa_ta_MIntRec_multi-class_2025-09-30-11-14-00/models
2025-09-30 11:14:00,163 - ============================== End Params ==============================
2025-09-30 11:14:00,177 - Generate Text Features Begin...
2025-09-30 11:14:00,608 - Generate Text Features Finished...
2025-09-30 11:14:00,768 - Load Video Features Begin...
2025-09-30 11:14:01,086 - Load Video Features Finished...
2025-09-30 11:14:01,341 - Load Audio Features Begin...
2025-09-30 11:14:01,982 - Load Audio Features Finished...
2025-09-30 11:14:09,722 - Multimodal intent recognition begins...
2025-09-30 11:14:09,722 - Training begins...
2025-09-30 11:14:16,173 - ***** Epoch: 1: Eval results *****
2025-09-30 11:14:16,174 -   best_eval_score = 0.0
2025-09-30 11:14:16,174 -   eval_score = 0.0312
2025-09-30 11:14:16,174 -   train_loss = 2.9328
2025-09-30 11:14:21,855 - ***** Epoch: 2: Eval results *****
2025-09-30 11:14:21,855 -   best_eval_score = 0.0312
2025-09-30 11:14:21,855 -   eval_score = 0.0508
2025-09-30 11:14:21,855 -   train_loss = 2.7431
2025-09-30 11:14:27,523 - ***** Epoch: 3: Eval results *****
2025-09-30 11:14:27,530 -   best_eval_score = 0.0508
2025-09-30 11:14:27,530 -   eval_score = 0.1069
2025-09-30 11:14:27,530 -   train_loss = 2.6065
2025-09-30 11:14:33,172 - ***** Epoch: 4: Eval results *****
2025-09-30 11:14:33,172 -   best_eval_score = 0.1069
2025-09-30 11:14:33,173 -   eval_score = 0.2137
2025-09-30 11:14:33,173 -   train_loss = 2.4281
2025-09-30 11:14:40,053 - ***** Epoch: 5: Eval results *****
2025-09-30 11:14:40,053 -   best_eval_score = 0.2137
2025-09-30 11:14:40,053 -   eval_score = 0.2801
2025-09-30 11:14:40,053 -   train_loss = 2.1962
2025-09-30 11:14:47,027 - ***** Epoch: 6: Eval results *****
2025-09-30 11:14:47,027 -   best_eval_score = 0.2801
2025-09-30 11:14:47,027 -   eval_score = 0.3411
2025-09-30 11:14:47,027 -   train_loss = 1.9514
2025-09-30 11:14:53,749 - ***** Epoch: 7: Eval results *****
2025-09-30 11:14:53,749 -   best_eval_score = 0.3411
2025-09-30 11:14:53,750 -   eval_score = 0.4287
2025-09-30 11:14:53,750 -   train_loss = 1.7112
2025-09-30 11:14:59,921 - ***** Epoch: 8: Eval results *****
2025-09-30 11:14:59,921 -   best_eval_score = 0.4287
2025-09-30 11:14:59,921 -   eval_score = 0.4776
2025-09-30 11:14:59,921 -   train_loss = 1.4733
2025-09-30 11:15:06,193 - ***** Epoch: 9: Eval results *****
2025-09-30 11:15:06,193 -   best_eval_score = 0.4776
2025-09-30 11:15:06,193 -   eval_score = 0.4666
2025-09-30 11:15:06,193 -   train_loss = 1.2645
2025-09-30 11:15:06,194 - EarlyStopping counter: 1 out of 8
2025-09-30 11:15:12,652 - ***** Epoch: 10: Eval results *****
2025-09-30 11:15:12,652 -   best_eval_score = 0.4776
2025-09-30 11:15:12,652 -   eval_score = 0.4904
2025-09-30 11:15:12,652 -   train_loss = 1.1212
2025-09-30 11:15:18,756 - ***** Epoch: 11: Eval results *****
2025-09-30 11:15:18,756 -   best_eval_score = 0.4904
2025-09-30 11:15:18,756 -   eval_score = 0.5003
2025-09-30 11:15:18,756 -   train_loss = 1.017
2025-09-30 11:15:24,927 - ***** Epoch: 12: Eval results *****
2025-09-30 11:15:24,927 -   best_eval_score = 0.5003
2025-09-30 11:15:24,927 -   eval_score = 0.5189
2025-09-30 11:15:24,927 -   train_loss = 0.9381
2025-09-30 11:15:30,857 - ***** Epoch: 13: Eval results *****
2025-09-30 11:15:30,857 -   best_eval_score = 0.5189
2025-09-30 11:15:30,857 -   eval_score = 0.514
2025-09-30 11:15:30,857 -   train_loss = 0.8773
2025-09-30 11:15:30,857 - EarlyStopping counter: 1 out of 8
2025-09-30 11:15:36,764 - ***** Epoch: 14: Eval results *****
2025-09-30 11:15:36,765 -   best_eval_score = 0.5189
2025-09-30 11:15:36,765 -   eval_score = 0.5332
2025-09-30 11:15:36,765 -   train_loss = 0.8048
2025-09-30 11:15:42,443 - ***** Epoch: 15: Eval results *****
2025-09-30 11:15:42,444 -   best_eval_score = 0.5332
2025-09-30 11:15:42,444 -   eval_score = 0.5308
2025-09-30 11:15:42,444 -   train_loss = 0.7628
2025-09-30 11:15:42,444 - EarlyStopping counter: 1 out of 8
2025-09-30 11:15:48,072 - ***** Epoch: 16: Eval results *****
2025-09-30 11:15:48,072 -   best_eval_score = 0.5332
2025-09-30 11:15:48,072 -   eval_score = 0.5375
2025-09-30 11:15:48,072 -   train_loss = 0.745
2025-09-30 11:15:53,692 - ***** Epoch: 17: Eval results *****
2025-09-30 11:15:53,693 -   best_eval_score = 0.5375
2025-09-30 11:15:53,693 -   eval_score = 0.5286
2025-09-30 11:15:53,693 -   train_loss = 0.72
2025-09-30 11:15:53,693 - EarlyStopping counter: 1 out of 8
2025-09-30 11:15:59,274 - ***** Epoch: 18: Eval results *****
2025-09-30 11:15:59,275 -   best_eval_score = 0.5375
2025-09-30 11:15:59,275 -   eval_score = 0.5346
2025-09-30 11:15:59,275 -   train_loss = 0.7141
2025-09-30 11:15:59,275 - EarlyStopping counter: 2 out of 8
2025-09-30 11:16:05,303 - ***** Epoch: 19: Eval results *****
2025-09-30 11:16:05,303 -   best_eval_score = 0.5375
2025-09-30 11:16:05,303 -   eval_score = 0.5373
2025-09-30 11:16:05,304 -   train_loss = 0.701
2025-09-30 11:16:05,304 - EarlyStopping counter: 3 out of 8
2025-09-30 11:16:11,067 - ***** Epoch: 20: Eval results *****
2025-09-30 11:16:11,067 -   best_eval_score = 0.5375
2025-09-30 11:16:11,068 -   eval_score = 0.5319
2025-09-30 11:16:11,068 -   train_loss = 0.6986
2025-09-30 11:16:11,068 - EarlyStopping counter: 4 out of 8
2025-09-30 11:16:11,069 - Trained models are saved in outputs/misa_ta_MIntRec_multi-class_2025-09-30-11-14-00/models
2025-09-30 11:16:11,752 - Training is finished...
2025-09-30 11:16:11,752 - Testing begins...
2025-09-30 11:16:13,970 - ***** Test: Confusion Matrix *****
2025-09-30 11:16:13,972 - [[27  1  0  0  1  0  0  0  0  0  0  0  3  2  0  1  0  0  0  0]
 [ 0 19  0  0  0  0  0  0  0  0  0  0  0  0  0  0  0  0  0  0]
 [ 1  0 10  0  0  0  0  0  0  0  0  0  0  0  0  0  0  0  0  0]
 [ 0  0  0  8  0  0  0  0  0  0  0  0  0  0  0  0  0  0  0  0]
 [ 7  1  0  0  2  0  0  0  0  0  0  0  0  0  1  0  0  1  0  0]
 [ 0  1  0  0  0  4  0  0  0  0  1  0  0  0  0  0  0  0  0  0]
 [ 2  0  0  0  1  0  1  0  0  0  0  0  0  0  0  0  0  0  0  0]
 [ 2  3  0  0  0  0  0  0  0  0  1  0  0  0  0  0  0  0  0  0]
 [ 2  1  0  0  0  0  0  0  0  0  0  0  0  0  0  0  0  0  0  0]
 [ 1  0  0  0  0  0  0  0  0  0  2  0  0  0  0  1  0  0  0  0]
 [ 1  2  0  0  0  0  0  0  0  0  4  0  0  0  0  0  1  0  0  0]
 [ 0  0  0  0  0  0  0  0  0  0  0  8  0  0  0  0  0  0  0  0]
 [ 0  0  0  0  0  0  0  0  0  0  1  0 16  0  0  0  2  0  0  0]
 [ 1  0  0  0  0  0  0  0  0  0  1  1  0  6  1  0  0  0  0  0]
 [ 0  0  0  0  0  0  0  0  0  0  1  0  2  0  8  0  0  1  0  0]
 [ 0  0  0  0  0  0  0  0  0  0  0  0  1  0  0  6  1  0  0  0]
 [ 0  0  0  0  0  0  0  0  0  0  0  0  2  0  1  0  5  0  0  0]
 [ 0  0  0  0  0  0  0  0  0  0  1  0  3  0  0  0  0  6  0  0]
 [ 0  0  0  0  0  0  0  0  0  0  0  0  0  0  0  0  0  0  5  0]
 [ 0  0  1  0  0  0  0  0  0  0  0  0  0  2  1  0  0  0  0  0]]
2025-09-30 11:16:13,972 - ***** Evaluation results *****
2025-09-30 11:16:13,972 -   acc = 0.675
2025-09-30 11:16:13,972 -   f1 = 0.558
2025-09-30 11:16:13,972 -   prec = 0.5919
2025-09-30 11:16:13,972 -   rec = 0.5674
2025-09-30 11:16:13,973 - Testing is finished...
2025-09-30 11:16:13,973 - Multimodal intent recognition is finished...
2025-09-30 11:16:13,973 - Results are saved in results/misa_bert_t_a.csv
