2025-09-30 11:42:50,874 - ============================== Params ==============================
2025-09-30 11:42:50,874 - logger_name: misa_t_a_MIntRec_multi-class_2025-09-30-11-42-50
2025-09-30 11:42:50,874 - dataset: MIntRec
2025-09-30 11:42:50,874 - data_mode: multi-class
2025-09-30 11:42:50,874 - method: misa_t_a
2025-09-30 11:42:50,874 - text_backbone: bert-base-uncased
2025-09-30 11:42:50,874 - seed: 1
2025-09-30 11:42:50,874 - num_workers: 8
2025-09-30 11:42:50,874 - gpu_id: 0
2025-09-30 11:42:50,874 - data_path: MIA-datasets
2025-09-30 11:42:50,874 - train: False
2025-09-30 11:42:50,874 - tune: False
2025-09-30 11:42:50,874 - save_model: True
2025-09-30 11:42:50,874 - save_results: True
2025-09-30 11:42:50,874 - log_path: logs
2025-09-30 11:42:50,875 - cache_path: bert_config/bert-base-uncased
2025-09-30 11:42:50,875 - video_data_path: video_data
2025-09-30 11:42:50,875 - audio_data_path: audio_data
2025-09-30 11:42:50,875 - video_feats_path: video_feats.pkl
2025-09-30 11:42:50,875 - audio_feats_path: lxy.pkl
2025-09-30 11:42:50,875 - results_path: results
2025-09-30 11:42:50,875 - output_path: outputs
2025-09-30 11:42:50,875 - model_path: models
2025-09-30 11:42:50,875 - config_file_name: misa_bert
2025-09-30 11:42:50,875 - results_file_name: misa_bert_t_a.csv
2025-09-30 11:42:50,875 - padding_mode: zero
2025-09-30 11:42:50,875 - padding_loc: end
2025-09-30 11:42:50,875 - need_aligned: False
2025-09-30 11:42:50,875 - eval_monitor: f1
2025-09-30 11:42:50,875 - train_batch_size: 16
2025-09-30 11:42:50,875 - eval_batch_size: 8
2025-09-30 11:42:50,875 - test_batch_size: 8
2025-09-30 11:42:50,875 - wait_patience: 8
2025-09-30 11:42:50,875 - num_train_epochs: 20
2025-09-30 11:42:50,875 - rnncell: lstm
2025-09-30 11:42:50,875 - use_cmd_sim: False
2025-09-30 11:42:50,875 - reverse_grad_weight: 0.8
2025-09-30 11:42:50,875 - hidden_size: 768
2025-09-30 11:42:50,875 - dropout_rate: 0.1
2025-09-30 11:42:50,875 - diff_weight: 0.7
2025-09-30 11:42:50,875 - sim_weight: 0.7
2025-09-30 11:42:50,875 - recon_weight: 0.6
2025-09-30 11:42:50,875 - lr: 1e-05
2025-09-30 11:42:50,875 - grad_clip: -1.0
2025-09-30 11:42:50,875 - gamma: 0.5
2025-09-30 11:42:50,875 - pred_output_path: outputs/misa_t_a_MIntRec_multi-class_2025-09-30-11-42-50
2025-09-30 11:42:50,875 - model_output_path: outputs/misa_t_ao_MIntRec_multi-class_2025-09-04-12-54-49/models
2025-09-30 11:42:50,876 - ============================== End Params ==============================
2025-09-30 11:42:50,878 - Generate Text Features Begin...
2025-09-30 11:42:50,968 - Generate Text Features Finished...
2025-09-30 11:42:50,977 - Load Video Features Begin...
2025-09-30 11:42:51,302 - Load Video Features Finished...
2025-09-30 11:42:51,354 - Load Audio Features Begin...
2025-09-30 11:42:51,527 - Load Audio Features Finished...
