2025-09-30 11:35:01,083 - ============================== Params ==============================
2025-09-30 11:35:01,083 - logger_name: misa_a_MIntRec_multi-class_2025-09-30-11-35-01
2025-09-30 11:35:01,084 - dataset: MIntRec
2025-09-30 11:35:01,084 - data_mode: multi-class
2025-09-30 11:35:01,084 - method: misa_a
2025-09-30 11:35:01,084 - text_backbone: bert-base-uncased
2025-09-30 11:35:01,084 - seed: 1
2025-09-30 11:35:01,084 - num_workers: 8
2025-09-30 11:35:01,084 - gpu_id: 0
2025-09-30 11:35:01,084 - data_path: MIA-datasets
2025-09-30 11:35:01,084 - train: True
2025-09-30 11:35:01,084 - tune: False
2025-09-30 11:35:01,084 - save_model: True
2025-09-30 11:35:01,084 - save_results: True
2025-09-30 11:35:01,084 - log_path: logs
2025-09-30 11:35:01,084 - cache_path: bert_config/bert-base-uncased
2025-09-30 11:35:01,084 - video_data_path: video_data
2025-09-30 11:35:01,084 - audio_data_path: audio_data
2025-09-30 11:35:01,084 - video_feats_path: video_feats.pkl
2025-09-30 11:35:01,084 - audio_feats_path: lxy.pkl
2025-09-30 11:35:01,084 - results_path: results
2025-09-30 11:35:01,084 - output_path: outputs
2025-09-30 11:35:01,084 - model_path: models
2025-09-30 11:35:01,084 - config_file_name: misa_bert
2025-09-30 11:35:01,084 - results_file_name: misa_bert_t_a.csv
2025-09-30 11:35:01,084 - padding_mode: zero
2025-09-30 11:35:01,084 - padding_loc: end
2025-09-30 11:35:01,084 - need_aligned: False
2025-09-30 11:35:01,084 - eval_monitor: f1
2025-09-30 11:35:01,084 - train_batch_size: 16
2025-09-30 11:35:01,084 - eval_batch_size: 8
2025-09-30 11:35:01,084 - test_batch_size: 8
2025-09-30 11:35:01,084 - wait_patience: 8
2025-09-30 11:35:01,085 - num_train_epochs: 20
2025-09-30 11:35:01,085 - rnncell: lstm
2025-09-30 11:35:01,085 - use_cmd_sim: False
2025-09-30 11:35:01,085 - reverse_grad_weight: 0.8
2025-09-30 11:35:01,085 - hidden_size: 768
2025-09-30 11:35:01,085 - dropout_rate: 0.1
2025-09-30 11:35:01,085 - diff_weight: 0.7
2025-09-30 11:35:01,085 - sim_weight: 0.7
2025-09-30 11:35:01,085 - recon_weight: 0.6
2025-09-30 11:35:01,085 - lr: 1e-05
2025-09-30 11:35:01,085 - grad_clip: -1.0
2025-09-30 11:35:01,085 - gamma: 0.5
2025-09-30 11:35:01,085 - pred_output_path: outputs/misa_a_MIntRec_multi-class_2025-09-30-11-35-01
2025-09-30 11:35:01,085 - model_output_path: outputs/misa_a_MIntRec_multi-class_2025-09-30-11-35-01/models
2025-09-30 11:35:01,085 - ============================== End Params ==============================
2025-09-30 11:35:01,103 - Generate Text Features Begin...
2025-09-30 11:35:01,219 - Generate Text Features Finished...
2025-09-30 11:35:01,228 - Load Video Features Begin...
2025-09-30 11:35:01,623 - Load Video Features Finished...
2025-09-30 11:35:01,674 - Load Audio Features Begin...
2025-09-30 11:35:02,011 - Load Audio Features Finished...
2025-09-30 11:35:07,778 - Multimodal intent recognition begins...
2025-09-30 11:35:07,779 - Training begins...
2025-09-30 11:35:10,527 - ***** Epoch: 1: Eval results *****
2025-09-30 11:35:10,528 -   best_eval_score = 0.0
2025-09-30 11:35:10,528 -   eval_score = 0.176
2025-09-30 11:35:10,528 -   train_loss = 2.641
2025-09-30 11:35:13,452 - ***** Epoch: 2: Eval results *****
2025-09-30 11:35:13,453 -   best_eval_score = 0.176
2025-09-30 11:35:13,454 -   eval_score = 0.0364
2025-09-30 11:35:13,454 -   train_loss = 2.1306
2025-09-30 11:35:13,454 - EarlyStopping counter: 1 out of 8
2025-09-30 11:35:16,551 - ***** Epoch: 3: Eval results *****
2025-09-30 11:35:16,551 -   best_eval_score = 0.176
2025-09-30 11:35:16,551 -   eval_score = 0.1348
2025-09-30 11:35:16,551 -   train_loss = 1.9401
2025-09-30 11:35:16,551 - EarlyStopping counter: 2 out of 8
2025-09-30 11:35:19,627 - ***** Epoch: 4: Eval results *****
2025-09-30 11:35:19,628 -   best_eval_score = 0.176
2025-09-30 11:35:19,628 -   eval_score = 0.1533
2025-09-30 11:35:19,628 -   train_loss = 1.8748
2025-09-30 11:35:19,628 - EarlyStopping counter: 3 out of 8
2025-09-30 11:35:22,779 - ***** Epoch: 5: Eval results *****
2025-09-30 11:35:22,779 -   best_eval_score = 0.176
2025-09-30 11:35:22,779 -   eval_score = 0.1206
2025-09-30 11:35:22,779 -   train_loss = 1.8608
2025-09-30 11:35:22,780 - EarlyStopping counter: 4 out of 8
2025-09-30 11:35:25,940 - ***** Epoch: 6: Eval results *****
2025-09-30 11:35:25,940 -   best_eval_score = 0.176
2025-09-30 11:35:25,940 -   eval_score = 0.137
2025-09-30 11:35:25,940 -   train_loss = 1.8396
2025-09-30 11:35:25,940 - EarlyStopping counter: 5 out of 8
2025-09-30 11:35:28,817 - ***** Epoch: 7: Eval results *****
2025-09-30 11:35:28,817 -   best_eval_score = 0.176
2025-09-30 11:35:28,817 -   eval_score = 0.137
2025-09-30 11:35:28,817 -   train_loss = 1.8307
2025-09-30 11:35:28,817 - EarlyStopping counter: 6 out of 8
2025-09-30 11:35:31,612 - ***** Epoch: 8: Eval results *****
2025-09-30 11:35:31,612 -   best_eval_score = 0.176
2025-09-30 11:35:31,612 -   eval_score = 0.137
2025-09-30 11:35:31,612 -   train_loss = 1.8289
2025-09-30 11:35:31,612 - EarlyStopping counter: 7 out of 8
2025-09-30 11:35:34,258 - ***** Epoch: 9: Eval results *****
2025-09-30 11:35:34,259 -   best_eval_score = 0.176
2025-09-30 11:35:34,259 -   eval_score = 0.137
2025-09-30 11:35:34,259 -   train_loss = 1.8223
2025-09-30 11:35:34,259 - EarlyStopping counter: 8 out of 8
2025-09-30 11:35:34,259 - EarlyStopping at epoch 9
2025-09-30 11:35:34,259 - Trained models are saved in outputs/misa_a_MIntRec_multi-class_2025-09-30-11-35-01/models
2025-09-30 11:35:34,877 - Training is finished...
2025-09-30 11:35:34,877 - Testing begins...
2025-09-30 11:35:36,030 - ***** Test: Confusion Matrix *****
2025-09-30 11:35:36,030 - [[ 0  2  0  0  3]
 [ 0  3  0  0  0]
 [ 0 10  0  0  1]
 [ 0  5  0  1  0]
 [ 0  3  0  0  2]]
2025-09-30 11:35:36,030 - ***** Evaluation results *****
2025-09-30 11:35:36,030 -   acc = 0.2
2025-09-30 11:35:36,030 -   f1 = 0.176
2025-09-30 11:35:36,030 -   prec = 0.2928
2025-09-30 11:35:36,031 -   rec = 0.3133
2025-09-30 11:35:36,031 - Testing is finished...
2025-09-30 11:35:36,031 - Multimodal intent recognition is finished...
2025-09-30 11:35:36,031 - Results are saved in results/misa_bert_t_a.csv
