2025-09-30 11:37:44,131 - ============================== Params ==============================
2025-09-30 11:37:44,131 - logger_name: misa_t_a_MIntRec_multi-class_2025-09-30-11-37-44
2025-09-30 11:37:44,131 - dataset: MIntRec
2025-09-30 11:37:44,131 - data_mode: multi-class
2025-09-30 11:37:44,131 - method: misa_t_a
2025-09-30 11:37:44,131 - text_backbone: bert-base-uncased
2025-09-30 11:37:44,131 - seed: 1
2025-09-30 11:37:44,131 - num_workers: 8
2025-09-30 11:37:44,131 - gpu_id: 0
2025-09-30 11:37:44,131 - data_path: MIA-datasets
2025-09-30 11:37:44,131 - train: True
2025-09-30 11:37:44,131 - tune: False
2025-09-30 11:37:44,131 - save_model: True
2025-09-30 11:37:44,131 - save_results: True
2025-09-30 11:37:44,131 - log_path: logs
2025-09-30 11:37:44,131 - cache_path: bert_config/bert-base-uncased
2025-09-30 11:37:44,131 - video_data_path: video_data
2025-09-30 11:37:44,131 - audio_data_path: audio_data
2025-09-30 11:37:44,131 - video_feats_path: video_feats.pkl
2025-09-30 11:37:44,131 - audio_feats_path: lxy.pkl
2025-09-30 11:37:44,131 - results_path: results
2025-09-30 11:37:44,131 - output_path: outputs
2025-09-30 11:37:44,131 - model_path: models
2025-09-30 11:37:44,131 - config_file_name: misa_bert
2025-09-30 11:37:44,131 - results_file_name: misa_bert_t_a.csv
2025-09-30 11:37:44,131 - padding_mode: zero
2025-09-30 11:37:44,131 - padding_loc: end
2025-09-30 11:37:44,131 - need_aligned: False
2025-09-30 11:37:44,132 - eval_monitor: f1
2025-09-30 11:37:44,132 - train_batch_size: 16
2025-09-30 11:37:44,132 - eval_batch_size: 8
2025-09-30 11:37:44,132 - test_batch_size: 8
2025-09-30 11:37:44,132 - wait_patience: 8
2025-09-30 11:37:44,132 - num_train_epochs: 20
2025-09-30 11:37:44,132 - rnncell: lstm
2025-09-30 11:37:44,132 - use_cmd_sim: False
2025-09-30 11:37:44,132 - reverse_grad_weight: 0.8
2025-09-30 11:37:44,132 - hidden_size: 768
2025-09-30 11:37:44,132 - dropout_rate: 0.1
2025-09-30 11:37:44,132 - diff_weight: 0.7
2025-09-30 11:37:44,132 - sim_weight: 0.7
2025-09-30 11:37:44,132 - recon_weight: 0.6
2025-09-30 11:37:44,132 - lr: 1e-05
2025-09-30 11:37:44,132 - grad_clip: -1.0
2025-09-30 11:37:44,132 - gamma: 0.5
2025-09-30 11:37:44,132 - pred_output_path: outputs/misa_t_a_MIntRec_multi-class_2025-09-30-11-37-44
2025-09-30 11:37:44,132 - model_output_path: outputs/misa_t_a_MIntRec_multi-class_2025-09-30-11-37-44/models
2025-09-30 11:37:44,132 - ============================== End Params ==============================
2025-09-30 11:37:44,135 - Generate Text Features Begin...
2025-09-30 11:37:44,222 - Generate Text Features Finished...
2025-09-30 11:37:44,227 - Load Video Features Begin...
2025-09-30 11:37:44,555 - Load Video Features Finished...
2025-09-30 11:37:44,608 - Load Audio Features Begin...
2025-09-30 11:37:44,762 - Load Audio Features Finished...
2025-09-30 11:37:49,875 - Multimodal intent recognition begins...
2025-09-30 11:37:49,875 - Training begins...
2025-09-30 11:37:53,148 - ***** Epoch: 1: Eval results *****
2025-09-30 11:37:53,150 -   best_eval_score = 0.0
2025-09-30 11:37:53,168 -   eval_score = 0.1545
2025-09-30 11:37:53,168 -   train_loss = 2.6275
2025-09-30 11:37:56,552 - ***** Epoch: 2: Eval results *****
2025-09-30 11:37:56,552 -   best_eval_score = 0.1545
2025-09-30 11:37:56,552 -   eval_score = 0.2695
2025-09-30 11:37:56,552 -   train_loss = 1.9471
2025-09-30 11:37:59,937 - ***** Epoch: 3: Eval results *****
2025-09-30 11:37:59,937 -   best_eval_score = 0.2695
2025-09-30 11:37:59,937 -   eval_score = 0.6583
2025-09-30 11:37:59,937 -   train_loss = 1.5856
2025-09-30 11:38:03,326 - ***** Epoch: 4: Eval results *****
2025-09-30 11:38:03,327 -   best_eval_score = 0.6583
2025-09-30 11:38:03,327 -   eval_score = 0.7227
2025-09-30 11:38:03,327 -   train_loss = 1.2727
2025-09-30 11:38:06,736 - ***** Epoch: 5: Eval results *****
2025-09-30 11:38:06,736 -   best_eval_score = 0.7227
2025-09-30 11:38:06,737 -   eval_score = 0.7955
2025-09-30 11:38:06,737 -   train_loss = 0.9599
2025-09-30 11:38:09,991 - ***** Epoch: 6: Eval results *****
2025-09-30 11:38:09,991 -   best_eval_score = 0.7955
2025-09-30 11:38:09,991 -   eval_score = 0.8359
2025-09-30 11:38:09,991 -   train_loss = 0.6557
2025-09-30 11:38:12,984 - ***** Epoch: 7: Eval results *****
2025-09-30 11:38:12,984 -   best_eval_score = 0.8359
2025-09-30 11:38:12,985 -   eval_score = 0.9072
2025-09-30 11:38:12,985 -   train_loss = 0.4173
2025-09-30 11:38:16,016 - ***** Epoch: 8: Eval results *****
2025-09-30 11:38:16,016 -   best_eval_score = 0.9072
2025-09-30 11:38:16,016 -   eval_score = 0.9333
2025-09-30 11:38:16,017 -   train_loss = 0.2733
2025-09-30 11:38:19,113 - ***** Epoch: 9: Eval results *****
2025-09-30 11:38:19,113 -   best_eval_score = 0.9333
2025-09-30 11:38:19,113 -   eval_score = 0.8903
2025-09-30 11:38:19,113 -   train_loss = 0.1558
2025-09-30 11:38:19,113 - EarlyStopping counter: 1 out of 8
2025-09-30 11:38:22,147 - ***** Epoch: 10: Eval results *****
2025-09-30 11:38:22,148 -   best_eval_score = 0.9333
2025-09-30 11:38:22,148 -   eval_score = 0.8359
2025-09-30 11:38:22,148 -   train_loss = 0.1019
2025-09-30 11:38:22,148 - EarlyStopping counter: 2 out of 8
2025-09-30 11:38:24,965 - ***** Epoch: 11: Eval results *****
2025-09-30 11:38:24,966 -   best_eval_score = 0.9333
2025-09-30 11:38:24,966 -   eval_score = 0.8903
2025-09-30 11:38:24,966 -   train_loss = 0.0827
2025-09-30 11:38:24,966 - EarlyStopping counter: 3 out of 8
2025-09-30 11:38:27,650 - ***** Epoch: 12: Eval results *****
2025-09-30 11:38:27,651 -   best_eval_score = 0.9333
2025-09-30 11:38:27,651 -   eval_score = 0.8903
2025-09-30 11:38:27,651 -   train_loss = 0.0733
2025-09-30 11:38:27,651 - EarlyStopping counter: 4 out of 8
2025-09-30 11:38:30,316 - ***** Epoch: 13: Eval results *****
2025-09-30 11:38:30,316 -   best_eval_score = 0.9333
2025-09-30 11:38:30,316 -   eval_score = 0.8903
2025-09-30 11:38:30,316 -   train_loss = 0.0705
2025-09-30 11:38:30,317 - EarlyStopping counter: 5 out of 8
2025-09-30 11:38:32,931 - ***** Epoch: 14: Eval results *****
2025-09-30 11:38:32,931 -   best_eval_score = 0.9333
2025-09-30 11:38:32,932 -   eval_score = 0.8903
2025-09-30 11:38:32,932 -   train_loss = 0.0661
2025-09-30 11:38:32,932 - EarlyStopping counter: 6 out of 8
2025-09-30 11:38:35,607 - ***** Epoch: 15: Eval results *****
2025-09-30 11:38:35,608 -   best_eval_score = 0.9333
2025-09-30 11:38:35,608 -   eval_score = 0.8903
2025-09-30 11:38:35,608 -   train_loss = 0.0683
2025-09-30 11:38:35,608 - EarlyStopping counter: 7 out of 8
2025-09-30 11:38:38,228 - ***** Epoch: 16: Eval results *****
2025-09-30 11:38:38,228 -   best_eval_score = 0.9333
2025-09-30 11:38:38,228 -   eval_score = 0.8903
2025-09-30 11:38:38,228 -   train_loss = 0.0696
2025-09-30 11:38:38,228 - EarlyStopping counter: 8 out of 8
2025-09-30 11:38:38,228 - EarlyStopping at epoch 16
2025-09-30 11:38:38,228 - Trained models are saved in outputs/misa_t_a_MIntRec_multi-class_2025-09-30-11-37-44/models
2025-09-30 11:38:38,876 - Training is finished...
2025-09-30 11:38:38,876 - Testing begins...
2025-09-30 11:38:39,898 - ***** Test: Confusion Matrix *****
2025-09-30 11:38:39,899 - [[ 3  0  2  0  0]
 [ 0  3  0  0  0]
 [ 0  0 11  0  0]
 [ 0  0  0  6  0]
 [ 0  0  0  0  5]]
2025-09-30 11:38:39,899 - ***** Evaluation results *****
2025-09-30 11:38:39,899 -   acc = 0.9333
2025-09-30 11:38:39,899 -   f1 = 0.9333
2025-09-30 11:38:39,899 -   prec = 0.9692
2025-09-30 11:38:39,900 -   rec = 0.92
2025-09-30 11:38:39,900 - Testing is finished...
2025-09-30 11:38:39,900 - Multimodal intent recognition is finished...
2025-09-30 11:38:39,900 - Results are saved in results/misa_bert_t_a.csv
